{
  "stats": {
    "suites": 7,
    "tests": 36,
    "passes": 36,
    "pending": 0,
    "failures": 0,
    "start": "2023-06-20T18:14:29.861Z",
    "end": "2023-06-20T18:14:38.770Z",
    "duration": 8909,
    "testsRegistered": 36,
    "passPercent": 100,
    "pendingPercent": 0,
    "other": 0,
    "hasOther": false,
    "skipped": 0,
    "hasSkipped": false
  },
  "results": [
    {
      "uuid": "3f27d583-7846-478d-9667-1bbebafff5a4",
      "title": "",
      "fullFile": "",
      "file": "",
      "beforeHooks": [
        {
          "title": "\"before all\" hook in \"{root}\"",
          "fullTitle": "\"before all\" hook in \"{root}\"",
          "timedOut": false,
          "duration": 749,
          "state": null,
          "speed": null,
          "pass": false,
          "fail": false,
          "pending": false,
          "context": null,
          "code": "request(baseUrl)\n    .post('/authentications')\n    .send(userLogin)\n    .end(function (err, res) {\n        token = res.body.data.accessToken\n        if (err) {\n            throw err\n        }\n        done()\n    })",
          "err": {},
          "uuid": "6d330968-084d-4f00-bec0-912de578915a",
          "parentUUID": "3f27d583-7846-478d-9667-1bbebafff5a4",
          "isHook": true,
          "skipped": false
        }
      ],
      "afterHooks": [],
      "tests": [],
      "suites": [
        {
          "uuid": "7aafb45f-6a9e-4313-9730-7f7035f66ff3",
          "title": "Test Endpoint Registration /registration and Login /authentications",
          "fullFile": "D:\\SANBERCODE\\QA-AUTOMATION\\TUGAS-API-AUTOMATION\\Tugas-API-Automation-Kasir-Aja\\test\\testKasirAjaAPI.js",
          "file": "\\test\\testKasirAjaAPI.js",
          "beforeHooks": [],
          "afterHooks": [],
          "tests": [
            {
              "title": "Success create user registration",
              "fullTitle": "Test Endpoint Registration /registration and Login /authentications Success create user registration",
              "timedOut": false,
              "duration": 520,
              "state": "passed",
              "speed": "slow",
              "pass": true,
              "fail": false,
              "pending": false,
              "context": null,
              "code": "request(baseUrl)\n    .post('/registration')\n    .send(userRegistration)\n    .end(function (err, response) {\n        expect(response.statusCode).to.be.equal(201)\n        expect(response.body.status).to.be.equal('success')\n        expect(response.body.message).to.be.equal('Toko berhasil didaftarkan')\n        expect(response.body.data.name).not.to.be.null\n        expect(response.body.data.name).to.be.equal(userRegistration.name)\n        expect(response.body.data.email).not.to.be.null\n        expect(response.body.data.email).to.be.equal(userRegistration.email)\n        expect(response.body.data.password).not.to.be.null\n        console.log(response.body)\n        if (err) {\n            throw err\n        }\n        done()\n    })",
              "err": {},
              "uuid": "2ec8382c-8330-44bc-a75a-205f657e48e7",
              "parentUUID": "7aafb45f-6a9e-4313-9730-7f7035f66ff3",
              "isHook": false,
              "skipped": false
            },
            {
              "title": "Success login",
              "fullTitle": "Test Endpoint Registration /registration and Login /authentications Success login",
              "timedOut": false,
              "duration": 501,
              "state": "passed",
              "speed": "slow",
              "pass": true,
              "fail": false,
              "pending": false,
              "context": null,
              "code": "request(baseUrl)\n    .post('/authentications')\n    .send(userLogin)\n    .end(function (err, response) {\n        expect(response.statusCode).to.be.equal(201)\n        expect(response.body.status).to.be.equal('success')\n        expect(response.body.message).to.be.equal('Authentication berhasil ditambahkan')\n        expect(response.body.data.accessToken).not.to.be.null\n        expect(response.body.data.refreshToken).not.to.be.null\n        expect(response.body.data.user.id).not.to.be.null\n        expect(response.body.data.user.name).not.to.be.null\n        expect(response.body.data.user.name).to.be.equal(userRegistration.name)\n        expect(response.body.data.user.role).not.to.be.null\n        expect(response.body.data.user.role).to.be.equal('admin')\n        expect(response.body.data.user.email).not.to.be.null\n        expect(response.body.data.user.email).to.be.equal(userRegistration.email)\n        expect(response.body.data.user.company_name).not.to.be.null\n        expect(response.body.data.user.company_name).to.be.equal(userRegistration.name)\n        officeId = response.body.data.user.officeId\n        console.log(response.body)\n        if (err) {\n            throw err\n        }\n        done()\n    })",
              "err": {},
              "uuid": "02cb66a2-627a-4413-bbd6-7a065aed49ce",
              "parentUUID": "7aafb45f-6a9e-4313-9730-7f7035f66ff3",
              "isHook": false,
              "skipped": false
            }
          ],
          "suites": [],
          "passes": [
            "2ec8382c-8330-44bc-a75a-205f657e48e7",
            "02cb66a2-627a-4413-bbd6-7a065aed49ce"
          ],
          "failures": [],
          "pending": [],
          "skipped": [],
          "duration": 1021,
          "root": false,
          "rootEmpty": false,
          "_timeout": 2000
        },
        {
          "uuid": "fba9c0f1-503b-44c2-8582-a3cd628918ed",
          "title": "Test Endpoint User /users",
          "fullFile": "D:\\SANBERCODE\\QA-AUTOMATION\\TUGAS-API-AUTOMATION\\Tugas-API-Automation-Kasir-Aja\\test\\testKasirAjaAPI.js",
          "file": "\\test\\testKasirAjaAPI.js",
          "beforeHooks": [],
          "afterHooks": [],
          "tests": [
            {
              "title": "Success create user cashier",
              "fullTitle": "Test Endpoint User /users Success create user cashier",
              "timedOut": false,
              "duration": 522,
              "state": "passed",
              "speed": "slow",
              "pass": true,
              "fail": false,
              "pending": false,
              "context": null,
              "code": "request(baseUrl)\n    .post('/users')\n    .send(createUser)\n    .set('Accept', 'application/json')\n    .set('Content-Type', 'application/json')\n    .set('Authorization', 'bearer ' + token)\n    .end(function (err, response) {\n        expect(response.statusCode).to.be.equal(201)\n        expect(response.body.status).to.be.equal('success')\n        expect(response.body.message).to.be.equal('User berhasil ditambahkan')\n        expect(response.body.data.userId).not.to.be.null\n        expect(response.body.data.name).not.to.be.null\n        expect(response.body.data.name).to.be.equal(createUser.name)\n        userId = response.body.data.userId\n        console.log(response.body)\n        if (err) {\n            throw err\n        }\n        done()\n    })",
              "err": {},
              "uuid": "b17542b5-8aa8-4123-bd2b-6a1c1952eae7",
              "parentUUID": "fba9c0f1-503b-44c2-8582-a3cd628918ed",
              "isHook": false,
              "skipped": false
            },
            {
              "title": "Success get user detail",
              "fullTitle": "Test Endpoint User /users Success get user detail",
              "timedOut": false,
              "duration": 187,
              "state": "passed",
              "speed": "slow",
              "pass": true,
              "fail": false,
              "pending": false,
              "context": null,
              "code": "request(baseUrl)\n    .get('/users/' + userId)\n    .set('Accept', 'application/json')\n    .set('Content-Type', 'application/json')\n    .set('Authorization', 'bearer ' + token)\n    .end(function (err, response) {\n        expect(response.statusCode).to.be.equal(200)\n        expect(response.body.data.user.id).not.to.be.null\n        expect(response.body.data.user.name).not.to.be.null\n        expect(response.body.data.user.name).to.be.equal(createUser.name)\n        expect(response.body.data.user.email).not.to.be.null\n        expect(response.body.data.user.email).to.be.equal(createUser.email)\n        expect(response.body.data.user.role).not.to.be.null\n        expect(response.body.data.user.role).to.be.equal('kasir')\n        expect(response.body.status).to.be.equal('success')\n        console.log(response.body)\n        if (err) {\n            throw err\n        }\n        done()\n    })",
              "err": {},
              "uuid": "7c7ce3d0-1f65-4a69-952d-9f63add481ca",
              "parentUUID": "fba9c0f1-503b-44c2-8582-a3cd628918ed",
              "isHook": false,
              "skipped": false
            },
            {
              "title": "Success get user list",
              "fullTitle": "Test Endpoint User /users Success get user list",
              "timedOut": false,
              "duration": 203,
              "state": "passed",
              "speed": "slow",
              "pass": true,
              "fail": false,
              "pending": false,
              "context": null,
              "code": "request(baseUrl)\n    .get('/users')\n    .query({\n        q: 'kasir',\n        p: 1\n    })\n    .set('Accept', 'application/json')\n    .set('Content-Type', 'application/json')\n    .set('Authorization', 'bearer ' + token)\n    .end(function (err, response) {\n        expect(response.statusCode).to.be.equal(200)\n        expect(response.body.status).to.be.equal('success')\n        console.log(response.body)\n        if (err) {\n            throw err\n        }\n        done()\n    })",
              "err": {},
              "uuid": "01d9435f-f3fe-472d-8e36-889ef31271f0",
              "parentUUID": "fba9c0f1-503b-44c2-8582-a3cd628918ed",
              "isHook": false,
              "skipped": false
            },
            {
              "title": "Success update user",
              "fullTitle": "Test Endpoint User /users Success update user",
              "timedOut": false,
              "duration": 182,
              "state": "passed",
              "speed": "slow",
              "pass": true,
              "fail": false,
              "pending": false,
              "context": null,
              "code": "request(baseUrl)\n    .put('/users/' + userId)\n    .send(updateUser)\n    .set('Accept', 'application/json')\n    .set('Content-Type', 'application/json')\n    .set('Authorization', 'bearer ' + token)\n    .end(function (err, response) {\n        expect(response.statusCode).to.be.equal(200)\n        expect(response.body.data.name).not.to.be.null\n        expect(response.body.data.name).to.be.equal(updateUser.name)\n        expect(response.body.status).to.be.equal('success')\n        expect(response.body.message).to.be.equal('User berhasil diupdate')\n        console.log(response.body)\n        if (err) {\n            throw err\n        }\n        done()\n    })",
              "err": {},
              "uuid": "6fd068bf-3a77-4e55-b57a-b0bfa94b5700",
              "parentUUID": "fba9c0f1-503b-44c2-8582-a3cd628918ed",
              "isHook": false,
              "skipped": false
            },
            {
              "title": "Success delete user",
              "fullTitle": "Test Endpoint User /users Success delete user",
              "timedOut": false,
              "duration": 194,
              "state": "passed",
              "speed": "slow",
              "pass": true,
              "fail": false,
              "pending": false,
              "context": null,
              "code": "request(baseUrl)\n    .del('/users/' + userId)\n    .set('Accept', 'application/json')\n    .set('Content-Type', 'application/json')\n    .set('Authorization', 'bearer ' + token)\n    .end(function (err, response) {\n        expect(response.statusCode).to.be.equal(200)\n        expect(response.body.status).to.be.equal('success')\n        expect(response.body.message).to.be.equal('User berhasil dihapus')\n        console.log(response.body)\n        if (err) {\n            throw err\n        }\n        done()\n    })",
              "err": {},
              "uuid": "dba2cc08-45c3-47d0-a692-d49484dd0e7e",
              "parentUUID": "fba9c0f1-503b-44c2-8582-a3cd628918ed",
              "isHook": false,
              "skipped": false
            }
          ],
          "suites": [],
          "passes": [
            "b17542b5-8aa8-4123-bd2b-6a1c1952eae7",
            "7c7ce3d0-1f65-4a69-952d-9f63add481ca",
            "01d9435f-f3fe-472d-8e36-889ef31271f0",
            "6fd068bf-3a77-4e55-b57a-b0bfa94b5700",
            "dba2cc08-45c3-47d0-a692-d49484dd0e7e"
          ],
          "failures": [],
          "pending": [],
          "skipped": [],
          "duration": 1288,
          "root": false,
          "rootEmpty": false,
          "_timeout": 2000
        },
        {
          "uuid": "6b6e9bc3-f61a-40fd-953e-a8216373fbb6",
          "title": "Test Endpoint Unit /units",
          "fullFile": "D:\\SANBERCODE\\QA-AUTOMATION\\TUGAS-API-AUTOMATION\\Tugas-API-Automation-Kasir-Aja\\test\\testKasirAjaAPI.js",
          "file": "\\test\\testKasirAjaAPI.js",
          "beforeHooks": [],
          "afterHooks": [],
          "tests": [
            {
              "title": "Success add unit",
              "fullTitle": "Test Endpoint Unit /units Success add unit",
              "timedOut": false,
              "duration": 198,
              "state": "passed",
              "speed": "slow",
              "pass": true,
              "fail": false,
              "pending": false,
              "context": null,
              "code": "request(baseUrl)\n    .post('/units')\n    .send(addUnit)\n    .set('Accept', 'application/json')\n    .set('Content-Type', 'application/json')\n    .set('Authorization', 'bearer ' + token)\n    .end(function (err, response) {\n        expect(response.statusCode).to.be.equal(201)\n        expect(response.body.status).to.be.equal('success')\n        expect(response.body.message).to.be.equal('Unit berhasil ditambahkan')\n        expect(response.body.data.unitId).not.to.be.null\n        expect(response.body.data.name).not.to.be.null\n        expect(response.body.data.name).to.be.equal(addUnit.name)\n        unitId = response.body.data.unitId\n        console.log(response.body)\n        if (err) {\n            throw err\n        }\n        done()\n    })",
              "err": {},
              "uuid": "68f27492-54cf-4d3c-b417-f12bd370e0cf",
              "parentUUID": "6b6e9bc3-f61a-40fd-953e-a8216373fbb6",
              "isHook": false,
              "skipped": false
            },
            {
              "title": "Success get unit detail",
              "fullTitle": "Test Endpoint Unit /units Success get unit detail",
              "timedOut": false,
              "duration": 187,
              "state": "passed",
              "speed": "slow",
              "pass": true,
              "fail": false,
              "pending": false,
              "context": null,
              "code": "request(baseUrl)\n    .get('/units/' + unitId)\n    .set('Accept', 'application/json')\n    .set('Content-Type', 'application/json')\n    .set('Authorization', 'bearer ' + token)\n    .end(function (err, response) {\n        expect(response.statusCode).to.be.equal(200)\n        expect(response.body.status).to.be.equal('success')\n        expect(response.body.data.unit.name).not.to.be.null\n        expect(response.body.data.unit.name).to.be.equal(addUnit.name)\n        expect(response.body.data.unit.description).not.to.be.null\n        expect(response.body.data.unit.description).to.be.equal(addUnit.description)\n        console.log(response.body)\n        if (err) {\n            throw err\n        }\n        done()\n    })",
              "err": {},
              "uuid": "015b65de-7a54-4611-b3f9-dff646e73e27",
              "parentUUID": "6b6e9bc3-f61a-40fd-953e-a8216373fbb6",
              "isHook": false,
              "skipped": false
            },
            {
              "title": "Success get unit list",
              "fullTitle": "Test Endpoint Unit /units Success get unit list",
              "timedOut": false,
              "duration": 235,
              "state": "passed",
              "speed": "slow",
              "pass": true,
              "fail": false,
              "pending": false,
              "context": null,
              "code": "request(baseUrl)\n    .get('/units')\n    .query({\n        q: 'gram',\n        page: 1\n    })\n    .set('Accept', 'application/json')\n    .set('Content-Type', 'application/json')\n    .set('Authorization', 'bearer ' + token)\n    .end(function (err, response) {\n        expect(response.statusCode).to.be.equal(200)\n        expect(response.body.status).to.be.equal('success')\n        console.log(response.body)\n        if (err) {\n            throw err\n        }\n        done()\n    })",
              "err": {},
              "uuid": "d84ae9a2-5630-4c79-89d8-a3a2ec75c923",
              "parentUUID": "6b6e9bc3-f61a-40fd-953e-a8216373fbb6",
              "isHook": false,
              "skipped": false
            },
            {
              "title": "Success update unit",
              "fullTitle": "Test Endpoint Unit /units Success update unit",
              "timedOut": false,
              "duration": 213,
              "state": "passed",
              "speed": "slow",
              "pass": true,
              "fail": false,
              "pending": false,
              "context": null,
              "code": "request(baseUrl)\n    .put('/units/' + unitId)\n    .send(updateUnit)\n    .set('Accept', 'application/json')\n    .set('Content-Type', 'application/json')\n    .set('Authorization', 'bearer ' + token)\n    .end(function (err, response) {\n        expect(response.statusCode).to.be.equal(200)\n        expect(response.body.status).to.be.equal('success')\n        expect(response.body.data.name).not.to.be.null\n        expect(response.body.data.name).to.be.equal(updateUnit.name)\n        console.log(response.body)\n        if (err) {\n            throw err\n        }\n        done()\n    })",
              "err": {},
              "uuid": "347a109e-84d5-4543-b73c-aa0e440bd0b4",
              "parentUUID": "6b6e9bc3-f61a-40fd-953e-a8216373fbb6",
              "isHook": false,
              "skipped": false
            },
            {
              "title": "Success delete unit",
              "fullTitle": "Test Endpoint Unit /units Success delete unit",
              "timedOut": false,
              "duration": 171,
              "state": "passed",
              "speed": "slow",
              "pass": true,
              "fail": false,
              "pending": false,
              "context": null,
              "code": "request(baseUrl)\n    .del('/units/' + unitId)\n    .set('Accept', 'application/json')\n    .set('Content-Type', 'application/json')\n    .set('Authorization', 'bearer ' + token)\n    .end(function (err, response) {\n        expect(response.statusCode).to.be.equal(200)\n        expect(response.body.status).to.be.equal('success')\n        console.log(response.body)\n        if (err) {\n            throw err\n        }\n        done()\n    })",
              "err": {},
              "uuid": "c3b8a5fa-f5da-443a-8acb-304cee796bff",
              "parentUUID": "6b6e9bc3-f61a-40fd-953e-a8216373fbb6",
              "isHook": false,
              "skipped": false
            }
          ],
          "suites": [],
          "passes": [
            "68f27492-54cf-4d3c-b417-f12bd370e0cf",
            "015b65de-7a54-4611-b3f9-dff646e73e27",
            "d84ae9a2-5630-4c79-89d8-a3a2ec75c923",
            "347a109e-84d5-4543-b73c-aa0e440bd0b4",
            "c3b8a5fa-f5da-443a-8acb-304cee796bff"
          ],
          "failures": [],
          "pending": [],
          "skipped": [],
          "duration": 1004,
          "root": false,
          "rootEmpty": false,
          "_timeout": 2000
        },
        {
          "uuid": "ed65f81e-3476-49bc-be60-14f929492639",
          "title": "Test Endpoint Category /categories",
          "fullFile": "D:\\SANBERCODE\\QA-AUTOMATION\\TUGAS-API-AUTOMATION\\Tugas-API-Automation-Kasir-Aja\\test\\testKasirAjaAPI.js",
          "file": "\\test\\testKasirAjaAPI.js",
          "beforeHooks": [],
          "afterHooks": [],
          "tests": [
            {
              "title": "Success add category",
              "fullTitle": "Test Endpoint Category /categories Success add category",
              "timedOut": false,
              "duration": 217,
              "state": "passed",
              "speed": "slow",
              "pass": true,
              "fail": false,
              "pending": false,
              "context": null,
              "code": "request(baseUrl)\n    .post('/categories')\n    .send(addCategory)\n    .set('Accept', 'application/json')\n    .set('Content-Type', 'application/json')\n    .set('Authorization', 'bearer ' + token)\n    .end(function (err, response) {\n        expect(response.statusCode).to.be.equal(201)\n        expect(response.body.data.categoryId).not.to.be.null\n        expect(response.body.data.name).not.to.be.null\n        expect(response.body.data.name).to.be.equal(addCategory.name)\n        expect(response.body.status).to.be.equal('success')\n        expect(response.body.message).to.be.equal('Category berhasil ditambahkan')\n        categoryId = response.body.data.categoryId\n        console.log(response.body)\n        if (err) {\n            throw err\n        }\n        done()\n    })",
              "err": {},
              "uuid": "6323ab45-f5c8-4ae7-874a-8e74300d0468",
              "parentUUID": "ed65f81e-3476-49bc-be60-14f929492639",
              "isHook": false,
              "skipped": false
            },
            {
              "title": "Success get category detail",
              "fullTitle": "Test Endpoint Category /categories Success get category detail",
              "timedOut": false,
              "duration": 210,
              "state": "passed",
              "speed": "slow",
              "pass": true,
              "fail": false,
              "pending": false,
              "context": null,
              "code": "request(baseUrl)\n    .get('/categories/' + categoryId)\n    .set('Accept', 'application/json')\n    .set('Content-Type', 'application/json')\n    .set('Authorization', 'bearer ' + token)\n    .end(function (err, response) {\n        expect(response.statusCode).to.be.equal(200)\n        expect(response.body.data.category.name).not.to.be.null\n        expect(response.body.data.category.name).to.be.equal(addCategory.name)\n        expect(response.body.data.category.description).not.to.be.null\n        expect(response.body.data.category.description).to.be.equal(addCategory.description)\n        expect(response.body.status).to.be.equal('success')\n        console.log(response.body)\n        if (err) {\n            throw err\n        }\n        done()\n    })",
              "err": {},
              "uuid": "e60035c7-71f8-406b-a4ea-5909fc69ca43",
              "parentUUID": "ed65f81e-3476-49bc-be60-14f929492639",
              "isHook": false,
              "skipped": false
            },
            {
              "title": "Success get category list",
              "fullTitle": "Test Endpoint Category /categories Success get category list",
              "timedOut": false,
              "duration": 198,
              "state": "passed",
              "speed": "slow",
              "pass": true,
              "fail": false,
              "pending": false,
              "context": null,
              "code": "request(baseUrl)\n    .get('/categories')\n    .query({\n        page: 1,\n        q: 'makanan'\n    })\n    .set('Accept', 'application/json')\n    .set('Content-Type', 'application/json')\n    .set('Authorization', 'bearer ' + token)\n    .end(function (err, response) {\n        expect(response.statusCode).to.be.equal(200)\n        expect(response.body.status).to.be.equal('success')\n        console.log(response.body)\n        if (err) {\n            throw err\n        }\n        done()\n    })",
              "err": {},
              "uuid": "9dee4682-83bc-48a3-a1ad-e67860638e88",
              "parentUUID": "ed65f81e-3476-49bc-be60-14f929492639",
              "isHook": false,
              "skipped": false
            },
            {
              "title": "Success update category",
              "fullTitle": "Test Endpoint Category /categories Success update category",
              "timedOut": false,
              "duration": 215,
              "state": "passed",
              "speed": "slow",
              "pass": true,
              "fail": false,
              "pending": false,
              "context": null,
              "code": "request(baseUrl)\n    .put('/categories/' + categoryId)\n    .send(updateCategory)\n    .set('Accept', 'application/json')\n    .set('Content-Type', 'application/json')\n    .set('Authorization', 'bearer ' + token)\n    .end(function (err, response) {\n        expect(response.statusCode).to.be.equal(200)\n        expect(response.body.status).to.be.equal('success')\n        expect(response.body.data.name).not.to.be.null\n        expect(response.body.data.name).to.be.equal(updateCategory.name)\n        console.log(response.body)\n        if (err) {\n            throw err\n        }\n        done()\n    })",
              "err": {},
              "uuid": "44667203-8d6c-4f1f-bdc9-c1e273732af9",
              "parentUUID": "ed65f81e-3476-49bc-be60-14f929492639",
              "isHook": false,
              "skipped": false
            },
            {
              "title": "Success delete category",
              "fullTitle": "Test Endpoint Category /categories Success delete category",
              "timedOut": false,
              "duration": 173,
              "state": "passed",
              "speed": "slow",
              "pass": true,
              "fail": false,
              "pending": false,
              "context": null,
              "code": "request(baseUrl)\n    .del('/categories/' + categoryId)\n    .set('Accept', 'application/json')\n    .set('Content-Type', 'application/json')\n    .set('Authorization', 'bearer ' + token)\n    .end(function (err, response) {\n        expect(response.statusCode).to.be.equal(200)\n        expect(response.body.status).to.be.equal('success')\n        console.log(response.body)\n        if (err) {\n            throw err\n        }\n        done()\n    })",
              "err": {},
              "uuid": "d1079d98-7685-4ac3-92bd-5e3bb5eeebd2",
              "parentUUID": "ed65f81e-3476-49bc-be60-14f929492639",
              "isHook": false,
              "skipped": false
            },
            {
              "title": "Success add category again",
              "fullTitle": "Test Endpoint Category /categories Success add category again",
              "timedOut": false,
              "duration": 172,
              "state": "passed",
              "speed": "slow",
              "pass": true,
              "fail": false,
              "pending": false,
              "context": null,
              "code": "request(baseUrl)\n    .post('/categories')\n    .send(addCategory)\n    .set('Accept', 'application/json')\n    .set('Content-Type', 'application/json')\n    .set('Authorization', 'bearer ' + token)\n    .end(function (err, response) {\n        expect(response.statusCode).to.be.equal(201)\n        expect(response.body.data.categoryId).not.to.be.null\n        expect(response.body.data.name).not.to.be.null\n        expect(response.body.data.name).to.be.equal(addCategory.name)\n        expect(response.body.status).to.be.equal('success')\n        expect(response.body.message).to.be.equal('Category berhasil ditambahkan')\n        categoryId = response.body.data.categoryId\n        console.log(response.body)\n        if (err) {\n            throw err\n        }\n        done()\n    })",
              "err": {},
              "uuid": "c5f954a8-0565-47c3-bbf5-a6daa7c4f16f",
              "parentUUID": "ed65f81e-3476-49bc-be60-14f929492639",
              "isHook": false,
              "skipped": false
            }
          ],
          "suites": [],
          "passes": [
            "6323ab45-f5c8-4ae7-874a-8e74300d0468",
            "e60035c7-71f8-406b-a4ea-5909fc69ca43",
            "9dee4682-83bc-48a3-a1ad-e67860638e88",
            "44667203-8d6c-4f1f-bdc9-c1e273732af9",
            "d1079d98-7685-4ac3-92bd-5e3bb5eeebd2",
            "c5f954a8-0565-47c3-bbf5-a6daa7c4f16f"
          ],
          "failures": [],
          "pending": [],
          "skipped": [],
          "duration": 1185,
          "root": false,
          "rootEmpty": false,
          "_timeout": 2000
        },
        {
          "uuid": "cdabf21a-242e-4721-b9d7-1444ac209e6a",
          "title": "Test Endpoint Customer /customers",
          "fullFile": "D:\\SANBERCODE\\QA-AUTOMATION\\TUGAS-API-AUTOMATION\\Tugas-API-Automation-Kasir-Aja\\test\\testKasirAjaAPI.js",
          "file": "\\test\\testKasirAjaAPI.js",
          "beforeHooks": [],
          "afterHooks": [],
          "tests": [
            {
              "title": "Success add customer",
              "fullTitle": "Test Endpoint Customer /customers Success add customer",
              "timedOut": false,
              "duration": 176,
              "state": "passed",
              "speed": "slow",
              "pass": true,
              "fail": false,
              "pending": false,
              "context": null,
              "code": "request(baseUrl)\n    .post('/customers')\n    .send(addCustomer)\n    .set('Accept', 'application/json')\n    .set('Content-Type', 'application/json')\n    .set('Authorization', 'bearer ' + token)\n    .end(function (err, response) {\n        expect(response.statusCode).to.be.equal(201)\n        expect(response.body.status).to.be.equal('success')\n        expect(response.body.message).to.be.equal('Customer berhasil ditambahkan')\n        expect(response.body.data.customerId).not.to.be.null\n        expect(response.body.data.name).not.to.be.null\n        expect(response.body.data.name).to.be.equal(addCustomer.name)\n        customerId = response.body.data.customerId\n        console.log(response.body)\n        if (err) {\n            throw err\n        }\n        done()\n    })",
              "err": {},
              "uuid": "6d001820-33e1-4cb2-af3e-0b44bf7da8ce",
              "parentUUID": "cdabf21a-242e-4721-b9d7-1444ac209e6a",
              "isHook": false,
              "skipped": false
            },
            {
              "title": "Success get customer detail",
              "fullTitle": "Test Endpoint Customer /customers Success get customer detail",
              "timedOut": false,
              "duration": 178,
              "state": "passed",
              "speed": "slow",
              "pass": true,
              "fail": false,
              "pending": false,
              "context": null,
              "code": "request(baseUrl)\n    .get('/customers/' + customerId)\n    .set('Accept', 'application/json')\n    .set('Content-Type', 'application/json')\n    .set('Authorization', 'bearer ' + token)\n    .end(function (err, response) {\n        expect(response.statusCode).to.be.equal(200)\n        expect(response.body.status).to.be.equal('success')\n        expect(response.body.data.customer.name).not.to.be.null\n        expect(response.body.data.customer.name).to.be.equal(addCustomer.name)\n        expect(response.body.data.customer.phone).not.to.be.null\n        expect(response.body.data.customer.phone).to.be.equal(addCustomer.phone)\n        expect(response.body.data.customer.address).not.to.be.null\n        expect(response.body.data.customer.address).to.be.equal(addCustomer.address)\n        expect(response.body.data.customer.description).not.to.be.null\n        expect(response.body.data.customer.description).to.be.equal(addCustomer.description)\n        console.log(response.body)\n        if (err) {\n            throw err\n        }\n        done()\n    })",
              "err": {},
              "uuid": "0d873c3b-0715-4ea2-a470-12e3eb8ec36f",
              "parentUUID": "cdabf21a-242e-4721-b9d7-1444ac209e6a",
              "isHook": false,
              "skipped": false
            },
            {
              "title": "Success get customer list",
              "fullTitle": "Test Endpoint Customer /customers Success get customer list",
              "timedOut": false,
              "duration": 208,
              "state": "passed",
              "speed": "slow",
              "pass": true,
              "fail": false,
              "pending": false,
              "context": null,
              "code": "request(baseUrl)\n    .get('/customers')\n    .query({\n        page: 1,\n        q: 'Budi'\n    })\n    .set('Accept', 'application/json')\n    .set('Content-Type', 'application/json')\n    .set('Authorization', 'bearer ' + token)\n    .end(function (err, response) {\n        expect(response.statusCode).to.be.equal(200)\n        expect(response.body.status).to.be.equal('success')\n        console.log(response.body)\n        if (err) {\n            throw err\n        }\n        done()\n    })",
              "err": {},
              "uuid": "6180e2ae-6898-4374-acb5-e3c8d581bc0f",
              "parentUUID": "cdabf21a-242e-4721-b9d7-1444ac209e6a",
              "isHook": false,
              "skipped": false
            },
            {
              "title": "Success update customer",
              "fullTitle": "Test Endpoint Customer /customers Success update customer",
              "timedOut": false,
              "duration": 181,
              "state": "passed",
              "speed": "slow",
              "pass": true,
              "fail": false,
              "pending": false,
              "context": null,
              "code": "request(baseUrl)\n    .put('/customers/' + customerId)\n    .send(updateCustomer)\n    .set('Accept', 'application/json')\n    .set('Content-Type', 'application/json')\n    .set('Authorization', 'bearer ' + token)\n    .end(function (err, response) {\n        expect(response.statusCode).to.be.equal(200)\n        expect(response.body.status).to.be.equal('success')\n        expect(response.body.data.name).not.to.be.null\n        expect(response.body.data.name).to.be.equal(updateCustomer.name)\n        console.log(response.body)\n        if (err) {\n            throw err\n        }\n        done()\n    })",
              "err": {},
              "uuid": "3220b8e8-5391-4698-ad16-b699b02a6c32",
              "parentUUID": "cdabf21a-242e-4721-b9d7-1444ac209e6a",
              "isHook": false,
              "skipped": false
            },
            {
              "title": "Success delete customer",
              "fullTitle": "Test Endpoint Customer /customers Success delete customer",
              "timedOut": false,
              "duration": 171,
              "state": "passed",
              "speed": "slow",
              "pass": true,
              "fail": false,
              "pending": false,
              "context": null,
              "code": "request(baseUrl)\n    .del('/customers/' + customerId)\n    .set('Accept', 'application/json')\n    .set('Content-Type', 'application/json')\n    .set('Authorization', 'bearer ' + token)\n    .end(function (err, response) {\n        expect(response.statusCode).to.be.equal(200)\n        expect(response.body.status).to.be.equal('success')\n        console.log(response.body)\n        if (err) {\n            throw err\n        }\n        done()\n    })",
              "err": {},
              "uuid": "016ad94e-69a6-486d-9bed-7bbea6b5732c",
              "parentUUID": "cdabf21a-242e-4721-b9d7-1444ac209e6a",
              "isHook": false,
              "skipped": false
            },
            {
              "title": "Success add customer again",
              "fullTitle": "Test Endpoint Customer /customers Success add customer again",
              "timedOut": false,
              "duration": 218,
              "state": "passed",
              "speed": "slow",
              "pass": true,
              "fail": false,
              "pending": false,
              "context": null,
              "code": "request(baseUrl)\n    .post('/customers')\n    .send(addCustomer)\n    .set('Accept', 'application/json')\n    .set('Content-Type', 'application/json')\n    .set('Authorization', 'bearer ' + token)\n    .end(function (err, response) {\n        expect(response.statusCode).to.be.equal(201)\n        expect(response.body.status).to.be.equal('success')\n        expect(response.body.message).to.be.equal('Customer berhasil ditambahkan')\n        expect(response.body.data.customerId).not.to.be.null\n        expect(response.body.data.name).not.to.be.null\n        expect(response.body.data.name).to.be.equal(addCustomer.name)\n        customerId = response.body.data.customerId\n        console.log(response.body)\n        if (err) {\n            throw err\n        }\n        done()\n    })",
              "err": {},
              "uuid": "9105ce61-5101-40c3-bbf6-7f65079f5f5a",
              "parentUUID": "cdabf21a-242e-4721-b9d7-1444ac209e6a",
              "isHook": false,
              "skipped": false
            }
          ],
          "suites": [],
          "passes": [
            "6d001820-33e1-4cb2-af3e-0b44bf7da8ce",
            "0d873c3b-0715-4ea2-a470-12e3eb8ec36f",
            "6180e2ae-6898-4374-acb5-e3c8d581bc0f",
            "3220b8e8-5391-4698-ad16-b699b02a6c32",
            "016ad94e-69a6-486d-9bed-7bbea6b5732c",
            "9105ce61-5101-40c3-bbf6-7f65079f5f5a"
          ],
          "failures": [],
          "pending": [],
          "skipped": [],
          "duration": 1132,
          "root": false,
          "rootEmpty": false,
          "_timeout": 2000
        },
        {
          "uuid": "c3f2ce65-1677-4703-b990-f6f2ce9eddc8",
          "title": "Test Endpoint Product /products",
          "fullFile": "D:\\SANBERCODE\\QA-AUTOMATION\\TUGAS-API-AUTOMATION\\Tugas-API-Automation-Kasir-Aja\\test\\testKasirAjaAPI.js",
          "file": "\\test\\testKasirAjaAPI.js",
          "beforeHooks": [],
          "afterHooks": [],
          "tests": [
            {
              "title": "Success add product",
              "fullTitle": "Test Endpoint Product /products Success add product",
              "timedOut": false,
              "duration": 205,
              "state": "passed",
              "speed": "slow",
              "pass": true,
              "fail": false,
              "pending": false,
              "context": null,
              "code": "request(baseUrl)\n    .post('/products')\n    .send({\n        category_id: categoryId,\n        code: \"A314ASDDFIER3432\",\n        name: \"taro\",\n        price: 3500,\n        cost: 3000,\n        stock: 5\n    })\n    .set('Accept', 'application/json')\n    .set('Content-Type', 'application/json')\n    .set('Authorization', 'bearer ' + token)\n    .end(function (err, response) {\n        expect(response.statusCode).to.be.equal(201)\n        expect(response.body.status).to.be.equal('success')\n        expect(response.body.message).to.be.equal('Product berhasil ditambahkan')\n        expect(response.body.data.productId).not.to.be.null\n        expect(response.body.data.name).not.to.be.null\n        expect(response.body.data.name).to.be.equal(\"taro\")\n        productId = response.body.data.productId\n        console.log(response.body)\n        if (err) {\n            throw err\n        }\n        done()\n    })",
              "err": {},
              "uuid": "73124b4d-e7e9-4825-be89-008c32d2d85d",
              "parentUUID": "c3f2ce65-1677-4703-b990-f6f2ce9eddc8",
              "isHook": false,
              "skipped": false
            },
            {
              "title": "Success get product detail",
              "fullTitle": "Test Endpoint Product /products Success get product detail",
              "timedOut": false,
              "duration": 196,
              "state": "passed",
              "speed": "slow",
              "pass": true,
              "fail": false,
              "pending": false,
              "context": null,
              "code": "request(baseUrl)\n    .get('/products/' + productId)\n    .set('Accept', 'application/json')\n    .set('Content-Type', 'application/json')\n    .set('Authorization', 'bearer ' + token)\n    .end(function (err, response) {\n        expect(response.statusCode).to.be.equal(200)\n        expect(response.body.status).to.be.equal('success')\n        expect(response.body.data.product.code).not.to.be.null\n        expect(response.body.data.product.name).not.to.be.null\n        expect(response.body.data.product.name).to.be.equal(\"taro\")\n        expect(response.body.data.product.price).not.to.be.null\n        expect(response.body.data.product.price).to.be.equal(3500)\n        expect(response.body.data.product.cost).not.to.be.null\n        expect(response.body.data.product.cost).to.be.equal(3000)\n        expect(response.body.data.product.stock).not.to.be.null\n        expect(response.body.data.product.stock).to.be.equal(5)\n        console.log(response.body)\n        if (err) {\n            throw err\n        }\n        done()\n    })",
              "err": {},
              "uuid": "2f62756f-0e42-4a3f-a23a-8bfb2e3106a2",
              "parentUUID": "c3f2ce65-1677-4703-b990-f6f2ce9eddc8",
              "isHook": false,
              "skipped": false
            },
            {
              "title": "Success get product list",
              "fullTitle": "Test Endpoint Product /products Success get product list",
              "timedOut": false,
              "duration": 198,
              "state": "passed",
              "speed": "slow",
              "pass": true,
              "fail": false,
              "pending": false,
              "context": null,
              "code": "request(baseUrl)\n    .get('/products')\n    .query({\n        page: 1,\n        q: \"taro\",\n        withStock: true,\n        withCategory: true,\n        categoryId: categoryId\n    })\n    .set('Accept', 'application/json')\n    .set('Content-Type', 'application/json')\n    .set('Authorization', 'bearer ' + token)\n    .end(function (err, response) {\n        expect(response.statusCode).to.be.equal(200)\n        expect(response.body.status).to.be.equal('success')\n        console.log(response.body)\n        if (err) {\n            throw err\n        }\n        done()\n    })",
              "err": {},
              "uuid": "4998e6f0-281f-4ff6-85f9-308337dfb063",
              "parentUUID": "c3f2ce65-1677-4703-b990-f6f2ce9eddc8",
              "isHook": false,
              "skipped": false
            },
            {
              "title": "Success update product",
              "fullTitle": "Test Endpoint Product /products Success update product",
              "timedOut": false,
              "duration": 191,
              "state": "passed",
              "speed": "slow",
              "pass": true,
              "fail": false,
              "pending": false,
              "context": null,
              "code": "request(baseUrl)\n    .put('/products/' + productId)\n    .send({\n        \"category_id\": categoryId,\n        \"code\": \"A314ASDDFIER3432\",\n        \"name\": \"taro\",\n        \"price\": 3500,\n        \"cost\": 3000,\n        \"stock\": 100\n    })\n    .set('Accept', 'application/json')\n    .set('Content-Type', 'application/json')\n    .set('Authorization', 'bearer ' + token)\n    .end(function (err, response) {\n        expect(response.statusCode).to.be.equal(200)\n        expect(response.body.status).to.be.equal('success')\n        expect(response.body.data.name).not.to.be.null\n        expect(response.body.data.name).to.be.equal('taro')\n        console.log(response.body)\n        if (err) {\n            throw err\n        }\n        done()\n    })",
              "err": {},
              "uuid": "7ad17068-d37e-4e9c-bfb0-f46c35617328",
              "parentUUID": "c3f2ce65-1677-4703-b990-f6f2ce9eddc8",
              "isHook": false,
              "skipped": false
            },
            {
              "title": "Success delete product",
              "fullTitle": "Test Endpoint Product /products Success delete product",
              "timedOut": false,
              "duration": 214,
              "state": "passed",
              "speed": "slow",
              "pass": true,
              "fail": false,
              "pending": false,
              "context": null,
              "code": "request(baseUrl)\n    .del('/products/' + productId)\n    .set('Accept', 'application/json')\n    .set('Content-Type', 'application/json')\n    .set('Authorization', 'bearer ' + token)\n    .end(function (err, response) {\n        expect(response.statusCode).to.be.equal(200)\n        expect(response.body.status).to.be.equal('success')\n        console.log(response.body)\n        if (err) {\n            throw err\n        }\n        done()\n    })",
              "err": {},
              "uuid": "3e831d3d-fb4c-4e5e-a745-52fc96956978",
              "parentUUID": "c3f2ce65-1677-4703-b990-f6f2ce9eddc8",
              "isHook": false,
              "skipped": false
            },
            {
              "title": "Success add product again",
              "fullTitle": "Test Endpoint Product /products Success add product again",
              "timedOut": false,
              "duration": 181,
              "state": "passed",
              "speed": "slow",
              "pass": true,
              "fail": false,
              "pending": false,
              "context": null,
              "code": "request(baseUrl)\n    .post('/products')\n    .send({\n        category_id: categoryId,\n        code: \"A314ASDDFIER3432\",\n        name: \"taro\",\n        price: 3500,\n        cost: 3000,\n        stock: 50\n    })\n    .set('Accept', 'application/json')\n    .set('Content-Type', 'application/json')\n    .set('Authorization', 'bearer ' + token)\n    .end(function (err, response) {\n        expect(response.statusCode).to.be.equal(201)\n        expect(response.body.status).to.be.equal('success')\n        expect(response.body.message).to.be.equal('Product berhasil ditambahkan')\n        expect(response.body.data.productId).not.to.be.null\n        expect(response.body.data.name).not.to.be.null\n        expect(response.body.data.name).to.be.equal(\"taro\")\n        productId = response.body.data.productId\n        productCode = response.body.data.code\n        console.log(response.body)\n        if (err) {\n            throw err\n        }\n        done()\n    })",
              "err": {},
              "uuid": "e21d02cd-7b30-4177-af5d-8364ad5ca2f5",
              "parentUUID": "c3f2ce65-1677-4703-b990-f6f2ce9eddc8",
              "isHook": false,
              "skipped": false
            }
          ],
          "suites": [],
          "passes": [
            "73124b4d-e7e9-4825-be89-008c32d2d85d",
            "2f62756f-0e42-4a3f-a23a-8bfb2e3106a2",
            "4998e6f0-281f-4ff6-85f9-308337dfb063",
            "7ad17068-d37e-4e9c-bfb0-f46c35617328",
            "3e831d3d-fb4c-4e5e-a745-52fc96956978",
            "e21d02cd-7b30-4177-af5d-8364ad5ca2f5"
          ],
          "failures": [],
          "pending": [],
          "skipped": [],
          "duration": 1185,
          "root": false,
          "rootEmpty": false,
          "_timeout": 2000
        },
        {
          "uuid": "0b86ee69-df5d-487f-90dd-c259c29d2138",
          "title": "Test Endpoint Sales Order /sales and Transaction /purchases",
          "fullFile": "D:\\SANBERCODE\\QA-AUTOMATION\\TUGAS-API-AUTOMATION\\Tugas-API-Automation-Kasir-Aja\\test\\testKasirAjaAPI.js",
          "file": "\\test\\testKasirAjaAPI.js",
          "beforeHooks": [],
          "afterHooks": [],
          "tests": [
            {
              "title": "Success add sales",
              "fullTitle": "Test Endpoint Sales Order /sales and Transaction /purchases Success add sales",
              "timedOut": false,
              "duration": 180,
              "state": "passed",
              "speed": "slow",
              "pass": true,
              "fail": false,
              "pending": false,
              "context": null,
              "code": "request(baseUrl)\n    .post('/sales')\n    .send({\n        \"officeId\": officeId,\n        \"customerId\": customerId,\n        \"date\": \"2023-02-01\",\n        \"invoice\": \"INV001\",\n        \"amount\": 2000,\n        \"discount\": 0,\n        \"description\": \"Pembelian pertama\",\n        \"items\": [\n            {\n                \"productId\": productId,\n                \"quantity\": 1,\n                \"price\": 2000\n            }\n        ]\n    })\n    .set('Accept', 'application/json')\n    .set('Content-Type', 'application/json')\n    .set('Authorization', 'bearer ' + token)\n    .end(function (err, response) {\n        expect(response.statusCode).to.be.equal(201)\n        expect(response.body.status).to.be.equal('success')\n        expect(response.body.message).to.be.equal('transaksi ditambahkan')\n        expect(response.body.data.saleId).not.to.be.null\n        saleId = response.body.data.saleId\n        console.log(response.body)\n        if (err) {\n            throw err\n        }\n        done()\n    })",
              "err": {},
              "uuid": "47ba2d8d-995e-423a-989c-7c7a9e585258",
              "parentUUID": "0b86ee69-df5d-487f-90dd-c259c29d2138",
              "isHook": false,
              "skipped": false
            },
            {
              "title": "Success get list sales data",
              "fullTitle": "Test Endpoint Sales Order /sales and Transaction /purchases Success get list sales data",
              "timedOut": false,
              "duration": 197,
              "state": "passed",
              "speed": "slow",
              "pass": true,
              "fail": false,
              "pending": false,
              "context": null,
              "code": "request(baseUrl)\n    .get('/sales')\n    .query({\n        startDate: \"2023-01-01\",\n        endDate: \"2023-12-31\"\n    })\n    .set('Accept', 'application/json')\n    .set('Content-Type', 'application/json')\n    .set('Authorization', 'bearer ' + token)\n    .end(function (err, response) {\n        expect(response.statusCode).to.be.equal(200)\n        expect(response.body.status).to.be.equal('success')\n        console.log(response.body)\n        if (err) {\n            throw err\n        }\n        done()\n    })",
              "err": {},
              "uuid": "4bfec1df-eb58-467d-809c-b1dc4b38800b",
              "parentUUID": "0b86ee69-df5d-487f-90dd-c259c29d2138",
              "isHook": false,
              "skipped": false
            },
            {
              "title": "Success get sales order data",
              "fullTitle": "Test Endpoint Sales Order /sales and Transaction /purchases Success get sales order data",
              "timedOut": false,
              "duration": 210,
              "state": "passed",
              "speed": "slow",
              "pass": true,
              "fail": false,
              "pending": false,
              "context": null,
              "code": "request(baseUrl)\n    .get('/sales/' + saleId)\n    .set('Accept', 'application/json')\n    .set('Content-Type', 'application/json')\n    .set('Authorization', 'bearer ' + token)\n    .end(function (err, response) {\n        expect(response.statusCode).to.be.equal(200)\n        expect(response.body.status).to.be.equal('success')\n        console.log(response.body)\n        done()\n    })",
              "err": {},
              "uuid": "35109705-dfe4-4050-bc1b-90be9b51de96",
              "parentUUID": "0b86ee69-df5d-487f-90dd-c259c29d2138",
              "isHook": false,
              "skipped": false
            },
            {
              "title": "Success add transaction",
              "fullTitle": "Test Endpoint Sales Order /sales and Transaction /purchases Success add transaction",
              "timedOut": false,
              "duration": 184,
              "state": "passed",
              "speed": "slow",
              "pass": true,
              "fail": false,
              "pending": false,
              "context": null,
              "code": "request(baseUrl)\n    .post('/purchases')\n    .send({\n        \"officeId\": officeId,\n        \"date\": \"2023-01-30\",\n        \"invoice\": \"INV/02/20/2023/001\",\n        \"amount\": 14000,\n        \"discount\": 0,\n        \"description\": \"test transaksi toko dwiky\",\n        \"items\": [\n            {\n                \"productId\": productId,\n                \"quantity\": 4,\n                \"cost\": 3500\n            }\n        ]\n    })\n    .set('Accept', 'application/json')\n    .set('Content-Type', 'application/json')\n    .set('Authorization', 'bearer ' + token)\n    .end(function (err, response) {\n        expect(response.statusCode).to.be.equal(201)\n        expect(response.body.status).to.be.equal('success')\n        expect(response.body.message).to.be.equal('transaksi ditambahkan')\n        expect(response.body.data.purchaseId).not.to.be.null\n        purchaseId = response.body.data.purchaseId\n        console.log(response.body)\n        if (err) {\n            throw err\n        }\n        done()\n    })",
              "err": {},
              "uuid": "df339793-ed18-450a-92b8-1fa4b2abbec8",
              "parentUUID": "0b86ee69-df5d-487f-90dd-c259c29d2138",
              "isHook": false,
              "skipped": false
            },
            {
              "title": "Success get list of transaction",
              "fullTitle": "Test Endpoint Sales Order /sales and Transaction /purchases Success get list of transaction",
              "timedOut": false,
              "duration": 201,
              "state": "passed",
              "speed": "slow",
              "pass": true,
              "fail": false,
              "pending": false,
              "context": null,
              "code": "request(baseUrl)\n    .get('/purchases/' + purchaseId)\n    .query({\n        startDate: \"2023-01-01\",\n        endDate: \"2023-12-31\"\n    })\n    .set('Accept', 'application/json')\n    .set('Content-Type', 'application/json')\n    .set('Authorization', 'bearer ' + token)\n    .end(function (err, response) {\n        expect(response.statusCode).to.be.equal(200)\n        expect(response.body.status).to.be.equal('success')\n        expect(response.body.data.purchase.date).not.to.be.null\n        expect(response.body.data.purchase.invoice).not.to.be.null\n        expect(response.body.data.purchase.description).not.to.be.null\n        expect(response.body.data.purchase.amount).not.to.be.null\n        expect(response.body.data.purchase.discount).not.to.be.null\n        console.log(response.body)\n        if (err) {\n            throw err\n        }\n        done()\n    })",
              "err": {},
              "uuid": "b250c133-d21e-4e63-b540-dee045108b85",
              "parentUUID": "0b86ee69-df5d-487f-90dd-c259c29d2138",
              "isHook": false,
              "skipped": false
            },
            {
              "title": "Success get transaction detail",
              "fullTitle": "Test Endpoint Sales Order /sales and Transaction /purchases Success get transaction detail",
              "timedOut": false,
              "duration": 178,
              "state": "passed",
              "speed": "slow",
              "pass": true,
              "fail": false,
              "pending": false,
              "context": null,
              "code": "request(baseUrl)\n    .get('/purchases/' + purchaseId)\n    .set('Accept', 'application/json')\n    .set('Content-Type', 'application/json')\n    .set('Authorization', 'bearer ' + token)\n    .end(function (err, response) {\n        expect(response.statusCode).to.be.equal(200)\n        expect(response.body.status).to.be.equal('success')\n        expect(response.body.data.purchase.date).not.to.be.null\n        expect(response.body.data.purchase.invoice).not.to.be.null\n        expect(response.body.data.purchase.description).not.to.be.null\n        expect(response.body.data.purchase.amount).not.to.be.null\n        expect(response.body.data.purchase.discount).not.to.be.null\n        expect(response.body.data.purchase.description).to.be.equal('test transaksi toko dwiky')\n        expect(response.body.data.purchase.creator).to.be.equal('Toko Dwiky')\n        expect(response.body.data.purchase.office_name).to.be.equal('office-Toko Dwiky')\n        console.log(response.body)\n        if (err) {\n            throw err\n        }\n        done()\n    })",
              "err": {},
              "uuid": "dfde3aa0-0290-4377-ae8c-89246cf82e14",
              "parentUUID": "0b86ee69-df5d-487f-90dd-c259c29d2138",
              "isHook": false,
              "skipped": false
            }
          ],
          "suites": [],
          "passes": [
            "47ba2d8d-995e-423a-989c-7c7a9e585258",
            "4bfec1df-eb58-467d-809c-b1dc4b38800b",
            "35109705-dfe4-4050-bc1b-90be9b51de96",
            "df339793-ed18-450a-92b8-1fa4b2abbec8",
            "b250c133-d21e-4e63-b540-dee045108b85",
            "dfde3aa0-0290-4377-ae8c-89246cf82e14"
          ],
          "failures": [],
          "pending": [],
          "skipped": [],
          "duration": 1150,
          "root": false,
          "rootEmpty": false,
          "_timeout": 2000
        }
      ],
      "passes": [],
      "failures": [],
      "pending": [],
      "skipped": [],
      "duration": 0,
      "root": true,
      "rootEmpty": true,
      "_timeout": 2000
    }
  ],
  "meta": {
    "mocha": {
      "version": "10.2.0"
    },
    "mochawesome": {
      "options": {
        "quiet": false,
        "reportFilename": "mochawesome",
        "saveHtml": true,
        "saveJson": true,
        "consoleReporter": "spec",
        "useInlineDiffs": false,
        "code": true
      },
      "version": "7.1.3"
    },
    "marge": {
      "options": null,
      "version": "6.2.0"
    }
  }
}